c:\users\sarehalli\documents\github\cse167project4\glfwstarterproject\x64\release\vc140.pdb
c:\users\sarehalli\documents\github\cse167project4\glfwstarterproject\x64\release\window.obj
c:\users\sarehalli\documents\github\cse167project4\glfwstarterproject\x64\release\tree.obj
c:\users\sarehalli\documents\github\cse167project4\glfwstarterproject\x64\release\translation.obj
c:\users\sarehalli\documents\github\cse167project4\glfwstarterproject\x64\release\transformation.obj
c:\users\sarehalli\documents\github\cse167project4\glfwstarterproject\x64\release\skybox.obj
c:\users\sarehalli\documents\github\cse167project4\glfwstarterproject\x64\release\shader.obj
c:\users\sarehalli\documents\github\cse167project4\glfwstarterproject\x64\release\node.obj
c:\users\sarehalli\documents\github\cse167project4\glfwstarterproject\x64\release\model.obj
c:\users\sarehalli\documents\github\cse167project4\glfwstarterproject\x64\release\maze.obj
c:\users\sarehalli\documents\github\cse167project4\glfwstarterproject\x64\release\main.obj
c:\users\sarehalli\documents\github\cse167project4\glfwstarterproject\x64\release\lsystem.obj
c:\users\sarehalli\documents\github\cse167project4\glfwstarterproject\x64\release\cube.obj
c:\users\sarehalli\documents\github\cse167project4\x64\release\glfwstarterproject.exe
c:\users\sarehalli\documents\github\cse167project4\x64\release\glfwstarterproject.ipdb
c:\users\sarehalli\documents\github\cse167project4\x64\release\glfwstarterproject.iobj
c:\users\sarehalli\documents\github\cse167project4\x64\release\glfwstarterproject.pdb
c:\users\sarehalli\documents\github\cse167project4\glfwstarterproject\x64\release\glfwstar.ebf1e546.tlog\cl.command.1.tlog
c:\users\sarehalli\documents\github\cse167project4\glfwstarterproject\x64\release\glfwstar.ebf1e546.tlog\cl.read.1.tlog
c:\users\sarehalli\documents\github\cse167project4\glfwstarterproject\x64\release\glfwstar.ebf1e546.tlog\cl.write.1.tlog
c:\users\sarehalli\documents\github\cse167project4\glfwstarterproject\x64\release\glfwstar.ebf1e546.tlog\link.command.1.tlog
c:\users\sarehalli\documents\github\cse167project4\glfwstarterproject\x64\release\glfwstar.ebf1e546.tlog\link.read.1.tlog
c:\users\sarehalli\documents\github\cse167project4\glfwstarterproject\x64\release\glfwstar.ebf1e546.tlog\link.write.1.tlog
