  Window.cpp
c:\users\sarehalli\documents\github\cse167project4\glshader.h(65): warning C4101: 'infoLog': unreferenced local variable
c:\users\sarehalli\documents\github\cse167project4\glshader.h(64): warning C4101: 'success': unreferenced local variable
c:\users\sarehalli\documents\github\cse167project4\mesh.h(77): warning C4267: 'argument': conversion from 'size_t' to 'GLsizei', possible loss of data
c:\users\sarehalli\documents\github\cse167project4\window.cpp(185): warning C4244: 'argument': conversion from 'time_t' to 'unsigned int', possible loss of data
  Tree.cpp
c:\users\sarehalli\documents\github\cse167project4\glshader.h(65): warning C4101: 'infoLog': unreferenced local variable
c:\users\sarehalli\documents\github\cse167project4\glshader.h(64): warning C4101: 'success': unreferenced local variable
c:\users\sarehalli\documents\github\cse167project4\mesh.h(77): warning C4267: 'argument': conversion from 'size_t' to 'GLsizei', possible loss of data
  Translation.cpp
  Transformation.cpp
  Skybox.cpp
c:\users\sarehalli\documents\github\cse167project4\glshader.h(65): warning C4101: 'infoLog': unreferenced local variable
c:\users\sarehalli\documents\github\cse167project4\glshader.h(64): warning C4101: 'success': unreferenced local variable
c:\users\sarehalli\documents\github\cse167project4\mesh.h(77): warning C4267: 'argument': conversion from 'size_t' to 'GLsizei', possible loss of data
c:\users\sarehalli\documents\github\cse167project4\skybox.cpp(162): warning C4267: '=': conversion from 'size_t' to 'unsigned int', possible loss of data
  shader.cpp
  Node.cpp
  Model.cpp
c:\users\sarehalli\documents\github\cse167project4\glshader.h(65): warning C4101: 'infoLog': unreferenced local variable
c:\users\sarehalli\documents\github\cse167project4\glshader.h(64): warning C4101: 'success': unreferenced local variable
c:\users\sarehalli\documents\github\cse167project4\mesh.h(77): warning C4267: 'argument': conversion from 'size_t' to 'GLsizei', possible loss of data
  Maze.cpp
c:\users\sarehalli\documents\github\cse167project4\glshader.h(65): warning C4101: 'infoLog': unreferenced local variable
c:\users\sarehalli\documents\github\cse167project4\glshader.h(64): warning C4101: 'success': unreferenced local variable
c:\users\sarehalli\documents\github\cse167project4\mesh.h(77): warning C4267: 'argument': conversion from 'size_t' to 'GLsizei', possible loss of data
  main.cpp
c:\users\sarehalli\documents\github\cse167project4\glshader.h(65): warning C4101: 'infoLog': unreferenced local variable
c:\users\sarehalli\documents\github\cse167project4\glshader.h(64): warning C4101: 'success': unreferenced local variable
c:\users\sarehalli\documents\github\cse167project4\mesh.h(77): warning C4267: 'argument': conversion from 'size_t' to 'GLsizei', possible loss of data
  LSystem.cpp
  Cube.cpp
c:\users\sarehalli\documents\github\cse167project4\glshader.h(65): warning C4101: 'infoLog': unreferenced local variable
c:\users\sarehalli\documents\github\cse167project4\glshader.h(64): warning C4101: 'success': unreferenced local variable
c:\users\sarehalli\documents\github\cse167project4\mesh.h(77): warning C4267: 'argument': conversion from 'size_t' to 'GLsizei', possible loss of data
  Generating Code...
  GLFWStarterProject.vcxproj -> C:\Users\sarehalli\Documents\GitHub\CSE167Project4\x64\Debug\GLFWStarterProject.exe
  GLFWStarterProject.vcxproj -> C:\Users\sarehalli\Documents\GitHub\CSE167Project4\x64\Debug\GLFWStarterProject.pdb (Partial PDB)
