c:\users\thatguy\documents\github\cse167project4\glfwstarterproject\x64\debug\vc140.pdb
c:\users\thatguy\documents\github\cse167project4\glfwstarterproject\x64\debug\vc140.idb
c:\users\thatguy\documents\github\cse167project4\glfwstarterproject\x64\debug\cube.obj
c:\users\thatguy\documents\github\cse167project4\glfwstarterproject\x64\debug\lsystem.obj
c:\users\thatguy\documents\github\cse167project4\glfwstarterproject\x64\debug\main.obj
c:\users\thatguy\documents\github\cse167project4\glfwstarterproject\x64\debug\maze.obj
c:\users\thatguy\documents\github\cse167project4\glfwstarterproject\x64\debug\model.obj
c:\users\thatguy\documents\github\cse167project4\glfwstarterproject\x64\debug\node.obj
c:\users\thatguy\documents\github\cse167project4\glfwstarterproject\x64\debug\shader.obj
c:\users\thatguy\documents\github\cse167project4\glfwstarterproject\x64\debug\skybox.obj
c:\users\thatguy\documents\github\cse167project4\glfwstarterproject\x64\debug\transformation.obj
c:\users\thatguy\documents\github\cse167project4\glfwstarterproject\x64\debug\translation.obj
c:\users\thatguy\documents\github\cse167project4\glfwstarterproject\x64\debug\tree.obj
c:\users\thatguy\documents\github\cse167project4\glfwstarterproject\x64\debug\window.obj
c:\users\thatguy\documents\github\cse167project4\x64\debug\glfwstarterproject.ilk
c:\users\thatguy\documents\github\cse167project4\x64\debug\glfwstarterproject.exe
c:\users\thatguy\documents\github\cse167project4\x64\debug\glfwstarterproject.pdb
c:\users\thatguy\documents\github\cse167project4\glfwstarterproject\x64\debug\glfwstar.ebf1e546.tlog\cl.command.1.tlog
c:\users\thatguy\documents\github\cse167project4\glfwstarterproject\x64\debug\glfwstar.ebf1e546.tlog\cl.read.1.tlog
c:\users\thatguy\documents\github\cse167project4\glfwstarterproject\x64\debug\glfwstar.ebf1e546.tlog\cl.write.1.tlog
c:\users\thatguy\documents\github\cse167project4\glfwstarterproject\x64\debug\glfwstar.ebf1e546.tlog\link.command.1.tlog
c:\users\thatguy\documents\github\cse167project4\glfwstarterproject\x64\debug\glfwstar.ebf1e546.tlog\link.read.1.tlog
c:\users\thatguy\documents\github\cse167project4\glfwstarterproject\x64\debug\glfwstar.ebf1e546.tlog\link.write.1.tlog
